<?xml version="1.0" encoding="UTF-8"?>
<testsuite xmlns:xsi="http://www.w3.org/2001/XMLSchema-instance" xsi:noNamespaceSchemaLocation="https://maven.apache.org/surefire/maven-surefire-plugin/xsd/surefire-test-report.xsd" name="org.test.ActorServiceTest" time="4.047" tests="2" errors="0" skipped="0" failures="0">
  <properties>
    <property name="sun.desktop" value="windows"/>
    <property name="awt.toolkit" value="sun.awt.windows.WToolkit"/>
    <property name="file.encoding.pkg" value="sun.io"/>
    <property name="java.specification.version" value="1.8"/>
    <property name="sun.cpu.isalist" value="amd64"/>
    <property name="sun.jnu.encoding" value="Cp1254"/>
    <property name="java.class.path" value="Z:\Java\WorkspaceHoca\Crud\target\test-classes;Z:\Java\WorkspaceHoca\Crud\target\classes;Z:\Java\IsmekM2\repository\junit\junit\4.11\junit-4.11.jar;Z:\Java\IsmekM2\repository\org\hamcrest\hamcrest-core\1.3\hamcrest-core-1.3.jar;Z:\Java\IsmekM2\repository\com\sun\faces\jsf-api\2.2.18\jsf-api-2.2.18.jar;Z:\Java\IsmekM2\repository\com\sun\faces\jsf-impl\2.2.18\jsf-impl-2.2.18.jar;Z:\Java\IsmekM2\repository\javax\servlet\javax.servlet-api\4.0.1\javax.servlet-api-4.0.1.jar;Z:\Java\IsmekM2\repository\org\hibernate\hibernate-core\5.4.0.Final\hibernate-core-5.4.0.Final.jar;Z:\Java\IsmekM2\repository\org\jboss\logging\jboss-logging\3.3.2.Final\jboss-logging-3.3.2.Final.jar;Z:\Java\IsmekM2\repository\javax\persistence\javax.persistence-api\2.2\javax.persistence-api-2.2.jar;Z:\Java\IsmekM2\repository\org\javassist\javassist\3.24.0-GA\javassist-3.24.0-GA.jar;Z:\Java\IsmekM2\repository\net\bytebuddy\byte-buddy\1.9.5\byte-buddy-1.9.5.jar;Z:\Java\IsmekM2\repository\antlr\antlr\2.7.7\antlr-2.7.7.jar;Z:\Java\IsmekM2\repository\org\jboss\spec\javax\transaction\jboss-transaction-api_1.2_spec\1.1.1.Final\jboss-transaction-api_1.2_spec-1.1.1.Final.jar;Z:\Java\IsmekM2\repository\org\jboss\jandex\2.0.5.Final\jandex-2.0.5.Final.jar;Z:\Java\IsmekM2\repository\com\fasterxml\classmate\1.3.4\classmate-1.3.4.jar;Z:\Java\IsmekM2\repository\javax\activation\javax.activation-api\1.2.0\javax.activation-api-1.2.0.jar;Z:\Java\IsmekM2\repository\org\dom4j\dom4j\2.1.1\dom4j-2.1.1.jar;Z:\Java\IsmekM2\repository\org\hibernate\common\hibernate-commons-annotations\5.1.0.Final\hibernate-commons-annotations-5.1.0.Final.jar;Z:\Java\IsmekM2\repository\javax\xml\bind\jaxb-api\2.3.1\jaxb-api-2.3.1.jar;Z:\Java\IsmekM2\repository\org\glassfish\jaxb\jaxb-runtime\2.3.1\jaxb-runtime-2.3.1.jar;Z:\Java\IsmekM2\repository\org\glassfish\jaxb\txw2\2.3.1\txw2-2.3.1.jar;Z:\Java\IsmekM2\repository\com\sun\istack\istack-commons-runtime\3.0.7\istack-commons-runtime-3.0.7.jar;Z:\Java\IsmekM2\repository\org\jvnet\staxex\stax-ex\1.8\stax-ex-1.8.jar;Z:\Java\IsmekM2\repository\com\sun\xml\fastinfoset\FastInfoset\1.2.15\FastInfoset-1.2.15.jar;Z:\Java\IsmekM2\repository\mysql\mysql-connector-java\8.0.13\mysql-connector-java-8.0.13.jar;Z:\Java\IsmekM2\repository\com\google\protobuf\protobuf-java\3.6.1\protobuf-java-3.6.1.jar;Z:\Java\IsmekM2\repository\log4j\log4j\1.2.17\log4j-1.2.17.jar;Z:\Java\IsmekM2\repository\javax\transaction\jta\1.1\jta-1.1.jar;"/>
    <property name="java.vm.vendor" value="Oracle Corporation"/>
    <property name="sun.arch.data.model" value="64"/>
    <property name="user.variant" value=""/>
    <property name="java.vendor.url" value="http://java.oracle.com/"/>
    <property name="user.timezone" value="Asia/Istanbul"/>
    <property name="java.vm.specification.version" value="1.8"/>
    <property name="os.name" value="Windows 10"/>
    <property name="user.country" value="TR"/>
    <property name="sun.java.launcher" value="SUN_STANDARD"/>
    <property name="sun.boot.library.path" value="Z:\Java\Prerequisites\jdk1.8.0_66\jre\bin"/>
    <property name="sun.java.command" value="C:\Users\Lab05-01\AppData\Local\Temp\surefire1351699394127767503\surefirebooter8493078889920305784.jar C:\Users\Lab05-01\AppData\Local\Temp\surefire1351699394127767503 2019-01-06T08-11-45_411-jvmRun1 surefire3673075868936976940tmp surefire_0789727653371028075tmp"/>
    <property name="surefire.test.class.path" value="Z:\Java\WorkspaceHoca\Crud\target\test-classes;Z:\Java\WorkspaceHoca\Crud\target\classes;Z:\Java\IsmekM2\repository\junit\junit\4.11\junit-4.11.jar;Z:\Java\IsmekM2\repository\org\hamcrest\hamcrest-core\1.3\hamcrest-core-1.3.jar;Z:\Java\IsmekM2\repository\com\sun\faces\jsf-api\2.2.18\jsf-api-2.2.18.jar;Z:\Java\IsmekM2\repository\com\sun\faces\jsf-impl\2.2.18\jsf-impl-2.2.18.jar;Z:\Java\IsmekM2\repository\javax\servlet\javax.servlet-api\4.0.1\javax.servlet-api-4.0.1.jar;Z:\Java\IsmekM2\repository\org\hibernate\hibernate-core\5.4.0.Final\hibernate-core-5.4.0.Final.jar;Z:\Java\IsmekM2\repository\org\jboss\logging\jboss-logging\3.3.2.Final\jboss-logging-3.3.2.Final.jar;Z:\Java\IsmekM2\repository\javax\persistence\javax.persistence-api\2.2\javax.persistence-api-2.2.jar;Z:\Java\IsmekM2\repository\org\javassist\javassist\3.24.0-GA\javassist-3.24.0-GA.jar;Z:\Java\IsmekM2\repository\net\bytebuddy\byte-buddy\1.9.5\byte-buddy-1.9.5.jar;Z:\Java\IsmekM2\repository\antlr\antlr\2.7.7\antlr-2.7.7.jar;Z:\Java\IsmekM2\repository\org\jboss\spec\javax\transaction\jboss-transaction-api_1.2_spec\1.1.1.Final\jboss-transaction-api_1.2_spec-1.1.1.Final.jar;Z:\Java\IsmekM2\repository\org\jboss\jandex\2.0.5.Final\jandex-2.0.5.Final.jar;Z:\Java\IsmekM2\repository\com\fasterxml\classmate\1.3.4\classmate-1.3.4.jar;Z:\Java\IsmekM2\repository\javax\activation\javax.activation-api\1.2.0\javax.activation-api-1.2.0.jar;Z:\Java\IsmekM2\repository\org\dom4j\dom4j\2.1.1\dom4j-2.1.1.jar;Z:\Java\IsmekM2\repository\org\hibernate\common\hibernate-commons-annotations\5.1.0.Final\hibernate-commons-annotations-5.1.0.Final.jar;Z:\Java\IsmekM2\repository\javax\xml\bind\jaxb-api\2.3.1\jaxb-api-2.3.1.jar;Z:\Java\IsmekM2\repository\org\glassfish\jaxb\jaxb-runtime\2.3.1\jaxb-runtime-2.3.1.jar;Z:\Java\IsmekM2\repository\org\glassfish\jaxb\txw2\2.3.1\txw2-2.3.1.jar;Z:\Java\IsmekM2\repository\com\sun\istack\istack-commons-runtime\3.0.7\istack-commons-runtime-3.0.7.jar;Z:\Java\IsmekM2\repository\org\jvnet\staxex\stax-ex\1.8\stax-ex-1.8.jar;Z:\Java\IsmekM2\repository\com\sun\xml\fastinfoset\FastInfoset\1.2.15\FastInfoset-1.2.15.jar;Z:\Java\IsmekM2\repository\mysql\mysql-connector-java\8.0.13\mysql-connector-java-8.0.13.jar;Z:\Java\IsmekM2\repository\com\google\protobuf\protobuf-java\3.6.1\protobuf-java-3.6.1.jar;Z:\Java\IsmekM2\repository\log4j\log4j\1.2.17\log4j-1.2.17.jar;Z:\Java\IsmekM2\repository\javax\transaction\jta\1.1\jta-1.1.jar;"/>
    <property name="sun.cpu.endian" value="little"/>
    <property name="user.home" value="C:\Users\Lab05-01"/>
    <property name="user.language" value="tr"/>
    <property name="java.specification.vendor" value="Oracle Corporation"/>
    <property name="java.home" value="Z:\Java\Prerequisites\jdk1.8.0_66\jre"/>
    <property name="basedir" value="Z:\Java\WorkspaceHoca\Crud"/>
    <property name="file.separator" value="\"/>
    <property name="line.separator" value="&#10;"/>
    <property name="java.vm.specification.vendor" value="Oracle Corporation"/>
    <property name="java.specification.name" value="Java Platform API Specification"/>
    <property name="java.awt.graphicsenv" value="sun.awt.Win32GraphicsEnvironment"/>
    <property name="surefire.real.class.path" value="C:\Users\Lab05-01\AppData\Local\Temp\surefire1351699394127767503\surefirebooter8493078889920305784.jar"/>
    <property name="sun.boot.class.path" value="Z:\Java\Prerequisites\jdk1.8.0_66\jre\lib\resources.jar;Z:\Java\Prerequisites\jdk1.8.0_66\jre\lib\rt.jar;Z:\Java\Prerequisites\jdk1.8.0_66\jre\lib\sunrsasign.jar;Z:\Java\Prerequisites\jdk1.8.0_66\jre\lib\jsse.jar;Z:\Java\Prerequisites\jdk1.8.0_66\jre\lib\jce.jar;Z:\Java\Prerequisites\jdk1.8.0_66\jre\lib\charsets.jar;Z:\Java\Prerequisites\jdk1.8.0_66\jre\lib\jfr.jar;Z:\Java\Prerequisites\jdk1.8.0_66\jre\classes"/>
    <property name="user.script" value=""/>
    <property name="sun.management.compiler" value="HotSpot 64-Bit Tiered Compilers"/>
    <property name="java.runtime.version" value="1.8.0_66-b18"/>
    <property name="user.name" value="Lab05-01"/>
    <property name="path.separator" value=";"/>
    <property name="os.version" value="10.0"/>
    <property name="java.endorsed.dirs" value="Z:\Java\Prerequisites\jdk1.8.0_66\jre\lib\endorsed"/>
    <property name="java.runtime.name" value="Java(TM) SE Runtime Environment"/>
    <property name="file.encoding" value="Cp1254"/>
    <property name="java.vm.name" value="Java HotSpot(TM) 64-Bit Server VM"/>
    <property name="localRepository" value="Z:\Java\IsmekM2\repository"/>
    <property name="java.vendor.url.bug" value="http://bugreport.sun.com/bugreport/"/>
    <property name="java.io.tmpdir" value="C:\Users\Lab05-01\AppData\Local\Temp\"/>
    <property name="java.version" value="1.8.0_66"/>
    <property name="user.dir" value="Z:\Java\WorkspaceHoca\Crud"/>
    <property name="os.arch" value="amd64"/>
    <property name="java.vm.specification.name" value="Java Virtual Machine Specification"/>
    <property name="java.awt.printerjob" value="sun.awt.windows.WPrinterJob"/>
    <property name="sun.os.patch.level" value=""/>
    <property name="java.library.path" value="Z:\Java\Prerequisites\jdk1.8.0_66\jre\bin;C:\Windows\Sun\Java\bin;C:\Windows\system32;C:\Windows;C:\Program Files (x86)\Java\jdk1.8.0_121\bin;C:\Windows\system32;C:\Windows;C:\Windows\System32\Wbem;C:\Windows\System32\WindowsPowerShell\v1.0\;C:\Windows\system32\config\systemprofile\.dnx\bin;C:\Program Files\Microsoft DNX\Dnvm\;C:\Program Files\Microsoft SQL Server\130\Tools\Binn\;C:\Program Files (x86)\Microsoft SQL Server\140\Tools\Binn\;C:\Program Files\Microsoft SQL Server\140\Tools\Binn\;C:\Program Files (x86)\Microsoft SQL Server\140\DTS\Binn\;C:\Program Files\Microsoft SQL Server\140\DTS\Binn\;C:\Program Files\Microsoft SQL Server\Client SDK\ODBC\130\Tools\Binn\;C:\Program Files (x86)\Microsoft SQL Server\Client SDK\ODBC\130\Tools\Binn\;C:\Program Files (x86)\Microsoft SQL Server\140\Tools\Binn\ManagementStudio\;."/>
    <property name="java.vm.info" value="mixed mode"/>
    <property name="java.vendor" value="Oracle Corporation"/>
    <property name="java.vm.version" value="25.66-b18"/>
    <property name="java.ext.dirs" value="Z:\Java\Prerequisites\jdk1.8.0_66\jre\lib\ext;C:\Windows\Sun\Java\lib\ext"/>
    <property name="sun.io.unicode.encoding" value="UnicodeLittle"/>
    <property name="java.class.version" value="52.0"/>
  </properties>
  <testcase name="findAllFilm" classname="org.test.ActorServiceTest" time="3.624"/>
  <testcase name="save" classname="org.test.ActorServiceTest" time="0.369"/>
</testsuite>